<?xml version="1.0" encoding="UTF-8" ?>
<testsuite failures="0" time="0" errors="0" skipped="0" tests="0" name="carpool.UserModuleTest.NoticationDaoServiceTest">
  <properties>
    <property name="java.runtime.name" value="Java(TM) SE Runtime Environment"/>
    <property name="sun.boot.library.path" value="/Library/Java/JavaVirtualMachines/jdk1.7.0_40.jdk/Contents/Home/jre/lib"/>
    <property name="java.vm.version" value="24.0-b56"/>
    <property name="user.country.format" value="CA"/>
    <property name="gopherProxySet" value="false"/>
    <property name="java.vm.vendor" value="Oracle Corporation"/>
    <property name="java.vendor.url" value="http://java.oracle.com/"/>
    <property name="path.separator" value=":"/>
    <property name="java.vm.name" value="Java HotSpot(TM) 64-Bit Server VM"/>
    <property name="file.encoding.pkg" value="sun.io"/>
    <property name="user.country" value="US"/>
    <property name="sun.java.launcher" value="SUN_STANDARD"/>
    <property name="sun.os.patch.level" value="unknown"/>
    <property name="java.vm.specification.name" value="Java Virtual Machine Specification"/>
    <property name="user.dir" value="/Users/harryxiong/Documents/BackUpWorkspace/ParentProject/UserModule"/>
    <property name="java.runtime.version" value="1.7.0_40-b43"/>
    <property name="java.awt.graphicsenv" value="sun.awt.CGraphicsEnvironment"/>
    <property name="basedir" value="/Users/harryxiong/Documents/BackUpWorkspace/ParentProject/UserModule"/>
    <property name="java.endorsed.dirs" value="/Library/Java/JavaVirtualMachines/jdk1.7.0_40.jdk/Contents/Home/jre/lib/endorsed"/>
    <property name="os.arch" value="x86_64"/>
    <property name="surefire.real.class.path" value="/Users/harryxiong/Documents/BackUpWorkspace/ParentProject/UserModule/target/surefire/surefirebooter161006968089339053.jar"/>
    <property name="java.io.tmpdir" value="/var/folders/bm/_zsfx3456pj2z60xjm_n24ph0000gn/T/"/>
    <property name="line.separator" value="
"/>
    <property name="java.vm.specification.vendor" value="Oracle Corporation"/>
    <property name="os.name" value="Mac OS X"/>
    <property name="sun.jnu.encoding" value="UTF-8"/>
    <property name="java.library.path" value="/Users/harryxiong/Library/Java/Extensions:/Library/Java/Extensions:/Network/Library/Java/Extensions:/System/Library/Java/Extensions:/usr/lib/java:."/>
    <property name="surefire.test.class.path" value="/Users/harryxiong/Documents/BackUpWorkspace/ParentProject/UserModule/target/test-classes:/Users/harryxiong/Documents/BackUpWorkspace/ParentProject/UserModule/target/classes:/Users/harryxiong/Documents/BackUpWorkspace/ParentProject/HttpServer/target/HttpServer-1.0.0-tmp.jar:/Users/harryxiong/.m2/repository/net/sf/flexjson/flexjson/2.1/flexjson-2.1.jar:/Users/harryxiong/.m2/repository/redis/clients/jedis/2.2.1/jedis-2.2.1.jar:/Users/harryxiong/.m2/repository/commons-pool/commons-pool/1.6/commons-pool-1.6.jar:/Users/harryxiong/.m2/repository/org/json/json/20131018/json-20131018.jar:/Users/harryxiong/.m2/repository/log4j/log4j/1.2.16/log4j-1.2.16.jar:/Users/harryxiong/.m2/repository/commons-logging/commons-logging/1.1.1/commons-logging-1.1.1.jar:/Users/harryxiong/.m2/repository/commons-fileupload/commons-fileupload/1.2.2/commons-fileupload-1.2.2.jar:/Users/harryxiong/.m2/repository/org/apache/commons/commons-lang3/3.1/commons-lang3-3.1.jar:/Users/harryxiong/.m2/repository/commons-codec/commons-codec/1.3/commons-codec-1.3.jar:/Users/harryxiong/.m2/repository/commons-io/commons-io/2.1/commons-io-2.1.jar:/Users/harryxiong/.m2/repository/mysql/mysql-connector-java/5.1.23/mysql-connector-java-5.1.23.jar:/Users/harryxiong/.m2/repository/org/javassist/javassist/3.18.1-GA/javassist-3.18.1-GA.jar:/Users/harryxiong/.m2/repository/com/zaxxer/HikariCP/1.2.4/HikariCP-1.2.4.jar:/Users/harryxiong/.m2/repository/org/slf4j/slf4j-api/1.7.5/slf4j-api-1.7.5.jar:/Users/harryxiong/.m2/repository/org/restlet/jse/org.restlet/2.1.2/org.restlet-2.1.2.jar:/Users/harryxiong/.m2/repository/org/restlet/jse/org.restlet.ext.json/2.1.2/org.restlet.ext.json-2.1.2.jar:/Users/harryxiong/.m2/repository/org/restlet/jse/org.restlet.lib.org.json/2.0/org.restlet.lib.org.json-2.0.jar:/Users/harryxiong/.m2/repository/org/restlet/jse/org.restlet.ext.xml/2.1.2/org.restlet.ext.xml-2.1.2.jar:/Users/harryxiong/.m2/repository/org/restlet/jse/org.restlet.ext.fileupload/2.1.2/org.restlet.ext.fileupload-2.1.2.jar:/Users/harryxiong/.m2/repository/javax/mail/mail/1.4.7/mail-1.4.7.jar:/Users/harryxiong/.m2/repository/javax/activation/activation/1.1/activation-1.1.jar:/Users/harryxiong/.m2/repository/org/jasypt/jasypt/1.9.0/jasypt-1.9.0.jar:/Users/harryxiong/.m2/repository/org/imgscalr/imgscalr-lib/4.2/imgscalr-lib-4.2.jar:/Users/harryxiong/.m2/repository/org/apache/httpcomponents/httpcore/4.2.4/httpcore-4.2.4.jar:/Users/harryxiong/.m2/repository/org/apache/httpcomponents/httpclient/4.2.3/httpclient-4.2.3.jar:/Users/harryxiong/.m2/repository/com/fasterxml/jackson/core/jackson-annotations/2.1.1/jackson-annotations-2.1.1.jar:/Users/harryxiong/.m2/repository/com/fasterxml/jackson/core/jackson-core/2.1.1/jackson-core-2.1.1.jar:/Users/harryxiong/.m2/repository/com/fasterxml/jackson/core/jackson-databind/2.1.1/jackson-databind-2.1.1.jar:/Users/harryxiong/.m2/repository/org/springframework/spring-beans/3.0.7.RELEASE/spring-beans-3.0.7.RELEASE.jar:/Users/harryxiong/.m2/repository/org/springframework/spring-context/3.0.7.RELEASE/spring-context-3.0.7.RELEASE.jar:/Users/harryxiong/.m2/repository/org/springframework/spring-aop/3.0.7.RELEASE/spring-aop-3.0.7.RELEASE.jar:/Users/harryxiong/.m2/repository/aopalliance/aopalliance/1.0/aopalliance-1.0.jar:/Users/harryxiong/.m2/repository/org/springframework/spring-expression/3.0.7.RELEASE/spring-expression-3.0.7.RELEASE.jar:/Users/harryxiong/.m2/repository/org/springframework/spring-asm/3.0.7.RELEASE/spring-asm-3.0.7.RELEASE.jar:/Users/harryxiong/.m2/repository/org/springframework/spring-core/3.0.7.RELEASE/spring-core-3.0.7.RELEASE.jar:/Users/harryxiong/.m2/repository/org/springframework/spring-test/3.0.7.RELEASE/spring-test-3.0.7.RELEASE.jar:/Users/harryxiong/.m2/repository/stax/stax/1.2.0/stax-1.2.0.jar:/Users/harryxiong/.m2/repository/stax/stax-api/1.0.1/stax-api-1.0.1.jar:/Users/harryxiong/.m2/repository/org/aspectj/aspectjrt/1.6.0/aspectjrt-1.6.0.jar:/Users/harryxiong/.m2/repository/org/aspectj/aspectjweaver/1.6.0/aspectjweaver-1.6.0.jar:/Users/harryxiong/.m2/repository/org/freemarker/freemarker/2.3.9/freemarker-2.3.9.jar:/Users/harryxiong/.m2/repository/junit/junit/3.8.1/junit-3.8.1.jar:"/>
    <property name="java.specification.name" value="Java Platform API Specification"/>
    <property name="java.class.version" value="51.0"/>
    <property name="sun.management.compiler" value="HotSpot 64-Bit Tiered Compilers"/>
    <property name="os.version" value="10.8.5"/>
    <property name="http.nonProxyHosts" value="local|*.local|169.254/16|*.169.254/16"/>
    <property name="user.home" value="/Users/harryxiong"/>
    <property name="user.timezone" value="America/Toronto"/>
    <property name="java.awt.printerjob" value="sun.lwawt.macosx.CPrinterJob"/>
    <property name="java.specification.version" value="1.7"/>
    <property name="file.encoding" value="US-ASCII"/>
    <property name="user.name" value="harryxiong"/>
    <property name="java.class.path" value="/Users/harryxiong/Documents/BackUpWorkspace/ParentProject/UserModule/target/test-classes:/Users/harryxiong/Documents/BackUpWorkspace/ParentProject/UserModule/target/classes:/Users/harryxiong/Documents/BackUpWorkspace/ParentProject/HttpServer/target/HttpServer-1.0.0-tmp.jar:/Users/harryxiong/.m2/repository/net/sf/flexjson/flexjson/2.1/flexjson-2.1.jar:/Users/harryxiong/.m2/repository/redis/clients/jedis/2.2.1/jedis-2.2.1.jar:/Users/harryxiong/.m2/repository/commons-pool/commons-pool/1.6/commons-pool-1.6.jar:/Users/harryxiong/.m2/repository/org/json/json/20131018/json-20131018.jar:/Users/harryxiong/.m2/repository/log4j/log4j/1.2.16/log4j-1.2.16.jar:/Users/harryxiong/.m2/repository/commons-logging/commons-logging/1.1.1/commons-logging-1.1.1.jar:/Users/harryxiong/.m2/repository/commons-fileupload/commons-fileupload/1.2.2/commons-fileupload-1.2.2.jar:/Users/harryxiong/.m2/repository/org/apache/commons/commons-lang3/3.1/commons-lang3-3.1.jar:/Users/harryxiong/.m2/repository/commons-codec/commons-codec/1.3/commons-codec-1.3.jar:/Users/harryxiong/.m2/repository/commons-io/commons-io/2.1/commons-io-2.1.jar:/Users/harryxiong/.m2/repository/mysql/mysql-connector-java/5.1.23/mysql-connector-java-5.1.23.jar:/Users/harryxiong/.m2/repository/org/javassist/javassist/3.18.1-GA/javassist-3.18.1-GA.jar:/Users/harryxiong/.m2/repository/com/zaxxer/HikariCP/1.2.4/HikariCP-1.2.4.jar:/Users/harryxiong/.m2/repository/org/slf4j/slf4j-api/1.7.5/slf4j-api-1.7.5.jar:/Users/harryxiong/.m2/repository/org/restlet/jse/org.restlet/2.1.2/org.restlet-2.1.2.jar:/Users/harryxiong/.m2/repository/org/restlet/jse/org.restlet.ext.json/2.1.2/org.restlet.ext.json-2.1.2.jar:/Users/harryxiong/.m2/repository/org/restlet/jse/org.restlet.lib.org.json/2.0/org.restlet.lib.org.json-2.0.jar:/Users/harryxiong/.m2/repository/org/restlet/jse/org.restlet.ext.xml/2.1.2/org.restlet.ext.xml-2.1.2.jar:/Users/harryxiong/.m2/repository/org/restlet/jse/org.restlet.ext.fileupload/2.1.2/org.restlet.ext.fileupload-2.1.2.jar:/Users/harryxiong/.m2/repository/javax/mail/mail/1.4.7/mail-1.4.7.jar:/Users/harryxiong/.m2/repository/javax/activation/activation/1.1/activation-1.1.jar:/Users/harryxiong/.m2/repository/org/jasypt/jasypt/1.9.0/jasypt-1.9.0.jar:/Users/harryxiong/.m2/repository/org/imgscalr/imgscalr-lib/4.2/imgscalr-lib-4.2.jar:/Users/harryxiong/.m2/repository/org/apache/httpcomponents/httpcore/4.2.4/httpcore-4.2.4.jar:/Users/harryxiong/.m2/repository/org/apache/httpcomponents/httpclient/4.2.3/httpclient-4.2.3.jar:/Users/harryxiong/.m2/repository/com/fasterxml/jackson/core/jackson-annotations/2.1.1/jackson-annotations-2.1.1.jar:/Users/harryxiong/.m2/repository/com/fasterxml/jackson/core/jackson-core/2.1.1/jackson-core-2.1.1.jar:/Users/harryxiong/.m2/repository/com/fasterxml/jackson/core/jackson-databind/2.1.1/jackson-databind-2.1.1.jar:/Users/harryxiong/.m2/repository/org/springframework/spring-beans/3.0.7.RELEASE/spring-beans-3.0.7.RELEASE.jar:/Users/harryxiong/.m2/repository/org/springframework/spring-context/3.0.7.RELEASE/spring-context-3.0.7.RELEASE.jar:/Users/harryxiong/.m2/repository/org/springframework/spring-aop/3.0.7.RELEASE/spring-aop-3.0.7.RELEASE.jar:/Users/harryxiong/.m2/repository/aopalliance/aopalliance/1.0/aopalliance-1.0.jar:/Users/harryxiong/.m2/repository/org/springframework/spring-expression/3.0.7.RELEASE/spring-expression-3.0.7.RELEASE.jar:/Users/harryxiong/.m2/repository/org/springframework/spring-asm/3.0.7.RELEASE/spring-asm-3.0.7.RELEASE.jar:/Users/harryxiong/.m2/repository/org/springframework/spring-core/3.0.7.RELEASE/spring-core-3.0.7.RELEASE.jar:/Users/harryxiong/.m2/repository/org/springframework/spring-test/3.0.7.RELEASE/spring-test-3.0.7.RELEASE.jar:/Users/harryxiong/.m2/repository/stax/stax/1.2.0/stax-1.2.0.jar:/Users/harryxiong/.m2/repository/stax/stax-api/1.0.1/stax-api-1.0.1.jar:/Users/harryxiong/.m2/repository/org/aspectj/aspectjrt/1.6.0/aspectjrt-1.6.0.jar:/Users/harryxiong/.m2/repository/org/aspectj/aspectjweaver/1.6.0/aspectjweaver-1.6.0.jar:/Users/harryxiong/.m2/repository/org/freemarker/freemarker/2.3.9/freemarker-2.3.9.jar:/Users/harryxiong/.m2/repository/junit/junit/3.8.1/junit-3.8.1.jar:"/>
    <property name="java.vm.specification.version" value="1.7"/>
    <property name="sun.arch.data.model" value="64"/>
    <property name="java.home" value="/Library/Java/JavaVirtualMachines/jdk1.7.0_40.jdk/Contents/Home/jre"/>
    <property name="sun.java.command" value="/Users/harryxiong/Documents/BackUpWorkspace/ParentProject/UserModule/target/surefire/surefirebooter161006968089339053.jar /Users/harryxiong/Documents/BackUpWorkspace/ParentProject/UserModule/target/surefire/surefire5702121666080590257tmp /Users/harryxiong/Documents/BackUpWorkspace/ParentProject/UserModule/target/surefire/surefire4516640752874665867tmp"/>
    <property name="java.specification.vendor" value="Oracle Corporation"/>
    <property name="user.language" value="en"/>
    <property name="awt.toolkit" value="sun.lwawt.macosx.LWCToolkit"/>
    <property name="java.vm.info" value="mixed mode"/>
    <property name="java.version" value="1.7.0_40"/>
    <property name="java.ext.dirs" value="/Users/harryxiong/Library/Java/Extensions:/Library/Java/JavaVirtualMachines/jdk1.7.0_40.jdk/Contents/Home/jre/lib/ext:/Library/Java/Extensions:/Network/Library/Java/Extensions:/System/Library/Java/Extensions:/usr/lib/java"/>
    <property name="sun.boot.class.path" value="/Library/Java/JavaVirtualMachines/jdk1.7.0_40.jdk/Contents/Home/jre/lib/resources.jar:/Library/Java/JavaVirtualMachines/jdk1.7.0_40.jdk/Contents/Home/jre/lib/rt.jar:/Library/Java/JavaVirtualMachines/jdk1.7.0_40.jdk/Contents/Home/jre/lib/sunrsasign.jar:/Library/Java/JavaVirtualMachines/jdk1.7.0_40.jdk/Contents/Home/jre/lib/jsse.jar:/Library/Java/JavaVirtualMachines/jdk1.7.0_40.jdk/Contents/Home/jre/lib/jce.jar:/Library/Java/JavaVirtualMachines/jdk1.7.0_40.jdk/Contents/Home/jre/lib/charsets.jar:/Library/Java/JavaVirtualMachines/jdk1.7.0_40.jdk/Contents/Home/jre/lib/jfr.jar:/Library/Java/JavaVirtualMachines/jdk1.7.0_40.jdk/Contents/Home/jre/lib/JObjC.jar:/Library/Java/JavaVirtualMachines/jdk1.7.0_40.jdk/Contents/Home/jre/classes"/>
    <property name="java.vendor" value="Oracle Corporation"/>
    <property name="localRepository" value="/Users/harryxiong/.m2/repository"/>
    <property name="file.separator" value="/"/>
    <property name="java.vendor.url.bug" value="http://bugreport.sun.com/bugreport/"/>
    <property name="sun.cpu.endian" value="little"/>
    <property name="sun.io.unicode.encoding" value="UnicodeBig"/>
    <property name="socksNonProxyHosts" value="local|*.local|169.254/16|*.169.254/16"/>
    <property name="ftp.nonProxyHosts" value="local|*.local|169.254/16|*.169.254/16"/>
    <property name="sun.cpu.isalist" value=""/>
  </properties>
</testsuite>